<?xml version="1.0" encoding="UTF-8"?>
<!-- Generated by org.testng.reporters.JUnitReportReporter -->
<testsuite hostname="DIN80012144" failures="0" tests="1" name="com.api.Runner.PostRunner" time="1.252" errors="0" timestamp="17 Sep 2020 11:57:23 GMT">
  <testcase classname="com.api.Runner.PostRunner" name="feature" time="1.252"/>
</testsuite> <!-- com.api.Runner.PostRunner -->
