<?xml version="1.0" encoding="UTF-8"?>
<!-- Generated by org.testng.reporters.JUnitReportReporter -->
<testsuite hostname="DIN80012144" failures="0" tests="1" name="com.api.Runner.GetRunnerClass" time="4.703" errors="0" timestamp="16 Sep 2020 15:42:10 GMT">
  <testcase classname="com.api.Runner.GetRunnerClass" name="feature" time="4.703"/>
</testsuite> <!-- com.api.Runner.GetRunnerClass -->
