<?xml version="1.0" encoding="UTF-8"?>
<!-- Generated by org.testng.reporters.JUnitReportReporter -->
<testsuite hostname="DIN80012144" failures="0" tests="1" name="com.uiscripts.RunnerClass.BasicsTestsRunner" time="32.221" errors="0" timestamp="17 Sep 2020 11:57:23 GMT">
  <testcase classname="com.uiscripts.RunnerClass.BasicsTestsRunner" name="feature" time="32.221"/>
</testsuite> <!-- com.uiscripts.RunnerClass.BasicsTestsRunner -->
